<?xml version="1.0" encoding="UTF-8"?>
<testsuite name="org.gradle.buildsrc.BuildSrcClassTest" tests="1" skipped="0" failures="0" errors="0" timestamp="2018-03-06T09:28:58" hostname="DJH" time="0.003">
  <properties/>
  <testcase name="canConstructBuildSrcClass" classname="org.gradle.buildsrc.BuildSrcClassTest" time="0.003"/>
  <system-out><![CDATA[]]></system-out>
  <system-err><![CDATA[]]></system-err>
</testsuite>
